#
# There is insufficient memory for the Java Runtime Environment to continue.
# Native memory allocation (mmap) failed to map 232783872 bytes for G1 virtual space
# Possible reasons:
#   The system is out of physical RAM or swap space
#   The process is running with CompressedOops enabled, and the Java Heap may be blocking the growth of the native heap
# Possible solutions:
#   Reduce memory load on the system
#   Increase physical memory or swap space
#   Check if swap backing store is full
#   Decrease Java heap size (-Xmx/-Xms)
#   Decrease number of Java threads
#   Decrease Java thread stack sizes (-Xss)
#   Set larger code cache with -XX:ReservedCodeCacheSize=
#   JVM is running with Zero Based Compressed Oops mode in which the Java heap is
#     placed in the first 32GB address space. The Java Heap base address is the
#     maximum limit for the native heap growth. Please use -XX:HeapBaseMinAddress
#     to set the Java Heap base and to place the Java Heap above 32GB virtual address.
# This output file may be truncated or incomplete.
#
#  Out of Memory Error (os_windows.cpp:3536), pid=15572, tid=17864
#
# JRE version:  (19.0.2+7) (build )
# Java VM: OpenJDK 64-Bit Server VM (19.0.2+7-44, mixed mode, sharing, tiered, compressed oops, compressed class ptrs, g1 gc, windows-amd64)
# No core dump will be written. Minidumps are not enabled by default on client versions of Windows
#

---------------  S U M M A R Y ------------

Command Line: -Dmaven.multiModuleProjectDirectory=C:\Users\clare\IdeaProjects\SimpleParry -Djansi.passthrough=true -Dmaven.home=C:\Program Files\JetBrains\IntelliJ IDEA Community Edition 2023.2\plugins\maven\lib\maven3 -Dclassworlds.conf=C:\Program Files\JetBrains\IntelliJ IDEA Community Edition 2023.2\plugins\maven\lib\maven3\bin\m2.conf -Dmaven.ext.class.path=C:\Program Files\JetBrains\IntelliJ IDEA Community Edition 2023.2\plugins\maven\lib\maven-event-listener.jar -javaagent:C:\Program Files\JetBrains\IntelliJ IDEA Community Edition 2023.2\lib\idea_rt.jar=51328:C:\Program Files\JetBrains\IntelliJ IDEA Community Edition 2023.2\bin -Dfile.encoding=UTF-8 -Dsun.stdout.encoding=UTF-8 -Dsun.stderr.encoding=UTF-8 org.codehaus.classworlds.Launcher -Didea.version=2023.2 package

Host: AMD Ryzen 5 5600H with Radeon Graphics         , 12 cores, 13G,  Windows 11 , 64 bit Build 22621 (10.0.22621.2428)
Time: Wed Nov 22 18:59:14 2023 Malay Peninsula Standard Time elapsed time: 0.017742 seconds (0d 0h 0m 0s)

---------------  T H R E A D  ---------------

Current thread (0x00000230ef99c650):  JavaThread "Unknown thread" [_thread_in_vm, id=17864, stack(0x0000007060300000,0x0000007060400000)]

Stack: [0x0000007060300000,0x0000007060400000]
Native frames: (J=compiled Java code, j=interpreted, Vv=VM code, C=native code)
V  [jvm.dll+0x6ee21a]
V  [jvm.dll+0x85765e]
V  [jvm.dll+0x85904e]
V  [jvm.dll+0x859703]
V  [jvm.dll+0x28298f]
V  [jvm.dll+0x6eb009]
V  [jvm.dll+0x6dfbaa]
V  [jvm.dll+0x3573f6]
V  [jvm.dll+0x35ee56]
V  [jvm.dll+0x3b541e]
V  [jvm.dll+0x3b564f]
V  [jvm.dll+0x32c9ea]
V  [jvm.dll+0x32d89e]
V  [jvm.dll+0x821780]
V  [jvm.dll+0x3c2661]
V  [jvm.dll+0x801f51]
V  [jvm.dll+0x44ae8f]
V  [jvm.dll+0x44c811]
C  [jli.dll+0x5287]
C  [ucrtbase.dll+0x29363]
C  [KERNEL32.DLL+0x1257d]
C  [ntdll.dll+0x5aa78]


---------------  P R O C E S S  ---------------

Threads class SMR info:
_java_thread_list=0x00007ffe003dd048, length=0, elements={
}

Java Threads: ( => current thread )

Other Threads:
  0x00000230efa02d60 WorkerThread "GC Thread#0" [stack: 0x0000007060400000,0x0000007060500000] [id=13372]
  0x00000230efa11b30 ConcurrentGCThread "G1 Main Marker" [stack: 0x0000007060500000,0x0000007060600000] [id=9668]
  0x00000230efa12470 WorkerThread "G1 Conc#0" [stack: 0x0000007060600000,0x0000007060700000] [id=17264]

[error occurred during error reporting (printing all threads), id 0xc0000005, EXCEPTION_ACCESS_VIOLATION (0xc0000005) at pc=0x00007ffdffb9d427]

VM state: not at safepoint (not fully initialized)

VM Mutex/Monitor currently owned by a thread:  ([mutex/lock_event])
[0x00000230ef997760] Heap_lock - owner thread: 0x00000230ef99c650

Heap address: 0x0000000722400000, size: 3548 MB, Compressed Oops mode: Zero based, Oop shift amount: 3

CDS archive(s) mapped at: [0x0000000000000000-0x0000000000000000-0x0000000000000000), size 0, SharedBaseAddress: 0x0000000800000000, ArchiveRelocationMode: 0.
Narrow klass base: 0x0000000000000000, Narrow klass shift: 0, Narrow klass range: 0x0

GC Precious Log:
 CardTable entry size: 512
 Card Set container configuration: InlinePtr #cards 4 size 8 Array Of Cards #cards 16 size 48 Howl #buckets 8 coarsen threshold 3686 Howl Bitmap #cards 512 size 80 coarsen threshold 460 Card regions per heap region 1 cards per card region 4096

Heap:
 garbage-first heap   total 0K, used 0K [0x0000000722400000, 0x0000000800000000)
  region size 2048K, 0 young (0K), 0 survivors (0K)

[error occurred during error reporting (printing heap information), id 0xc0000005, EXCEPTION_ACCESS_VIOLATION (0xc0000005) at pc=0x00007ffdfffa6649]

GC Heap History (0 events):
No events

Dll operation events (1 events):
Event: 0.011 Loaded shared library C:\Users\clare\.jdks\openjdk-19.0.2\bin\java.dll

Deoptimization events (0 events):
No events

Classes loaded (0 events):
No events

Classes unloaded (0 events):
No events

Classes redefined (0 events):
No events

Internal exceptions (0 events):
No events

VM Operations (0 events):
No events

Events (0 events):
No events


Dynamic libraries:
0x00007ff7c04c0000 - 0x00007ff7c04ce000 	C:\Users\clare\.jdks\openjdk-19.0.2\bin\java.exe
0x00007ffe492d0000 - 0x00007ffe494e7000 	C:\WINDOWS\SYSTEM32\ntdll.dll
0x00007ffe481b0000 - 0x00007ffe48274000 	C:\WINDOWS\System32\KERNEL32.DLL
0x00007ffe46860000 - 0x00007ffe46c06000 	C:\WINDOWS\System32\KERNELBASE.dll
0x00007ffe46c10000 - 0x00007ffe46d21000 	C:\WINDOWS\System32\ucrtbase.dll
0x00007ffe174f0000 - 0x00007ffe17507000 	C:\Users\clare\.jdks\openjdk-19.0.2\bin\jli.dll
0x00007ffe17510000 - 0x00007ffe1752b000 	C:\Users\clare\.jdks\openjdk-19.0.2\bin\VCRUNTIME140.dll
0x00007ffe47060000 - 0x00007ffe4720d000 	C:\WINDOWS\System32\USER32.dll
0x00007ffe34140000 - 0x00007ffe343d3000 	C:\WINDOWS\WinSxS\amd64_microsoft.windows.common-controls_6595b64144ccf1df_6.0.22621.2361_none_2712ced57382f843\COMCTL32.dll
0x00007ffe46650000 - 0x00007ffe46676000 	C:\WINDOWS\System32\win32u.dll
0x00007ffe48c60000 - 0x00007ffe48d07000 	C:\WINDOWS\System32\msvcrt.dll
0x00007ffe47030000 - 0x00007ffe47059000 	C:\WINDOWS\System32\GDI32.dll
0x00007ffe46db0000 - 0x00007ffe46ec8000 	C:\WINDOWS\System32\gdi32full.dll
0x00007ffe46f90000 - 0x00007ffe4702a000 	C:\WINDOWS\System32\msvcp_win.dll
0x00007ffe47870000 - 0x00007ffe478a1000 	C:\WINDOWS\System32\IMM32.DLL
0x00007ffe35a40000 - 0x00007ffe35a4c000 	C:\Users\clare\.jdks\openjdk-19.0.2\bin\vcruntime140_1.dll
0x00007ffe09940000 - 0x00007ffe099ce000 	C:\Users\clare\.jdks\openjdk-19.0.2\bin\msvcp140.dll
0x00007ffdff860000 - 0x00007ffe00520000 	C:\Users\clare\.jdks\openjdk-19.0.2\bin\server\jvm.dll
0x00007ffe47480000 - 0x00007ffe47530000 	C:\WINDOWS\System32\ADVAPI32.dll
0x00007ffe473d0000 - 0x00007ffe47476000 	C:\WINDOWS\System32\sechost.dll
0x00007ffe47b00000 - 0x00007ffe47c17000 	C:\WINDOWS\System32\RPCRT4.dll
0x00007ffe3f360000 - 0x00007ffe3f394000 	C:\WINDOWS\SYSTEM32\WINMM.dll
0x00007ffe332f0000 - 0x00007ffe332f9000 	C:\WINDOWS\SYSTEM32\WSOCK32.dll
0x00007ffe3f940000 - 0x00007ffe3f94a000 	C:\WINDOWS\SYSTEM32\VERSION.dll
0x00007ffe47650000 - 0x00007ffe476c1000 	C:\WINDOWS\System32\WS2_32.dll
0x00007ffe45660000 - 0x00007ffe45678000 	C:\WINDOWS\SYSTEM32\kernel.appcore.dll
0x00007ffe174c0000 - 0x00007ffe174ca000 	C:\Users\clare\.jdks\openjdk-19.0.2\bin\jimage.dll
0x00007ffe44020000 - 0x00007ffe4424e000 	C:\WINDOWS\SYSTEM32\DBGHELP.DLL
0x00007ffe47e20000 - 0x00007ffe481aa000 	C:\WINDOWS\System32\combase.dll
0x00007ffe47d20000 - 0x00007ffe47df7000 	C:\WINDOWS\System32\OLEAUT32.dll
0x00007ffe35fd0000 - 0x00007ffe36002000 	C:\WINDOWS\SYSTEM32\dbgcore.DLL
0x00007ffe46d30000 - 0x00007ffe46daa000 	C:\WINDOWS\System32\bcryptPrimitives.dll
0x00007ffe40a80000 - 0x00007ffe40a8e000 	C:\Users\clare\.jdks\openjdk-19.0.2\bin\instrument.dll
0x00007ffe15360000 - 0x00007ffe15386000 	C:\Users\clare\.jdks\openjdk-19.0.2\bin\java.dll

dbghelp: loaded successfully - version: 4.0.5 - missing functions: none
symbol engine: initialized successfully - sym options: 0x614 - pdb path: .;C:\Users\clare\.jdks\openjdk-19.0.2\bin;C:\WINDOWS\SYSTEM32;C:\WINDOWS\WinSxS\amd64_microsoft.windows.common-controls_6595b64144ccf1df_6.0.22621.2361_none_2712ced57382f843;C:\Users\clare\.jdks\openjdk-19.0.2\bin\server

VM Arguments:
jvm_args: -Dmaven.multiModuleProjectDirectory=C:\Users\clare\IdeaProjects\SimpleParry -Djansi.passthrough=true -Dmaven.home=C:\Program Files\JetBrains\IntelliJ IDEA Community Edition 2023.2\plugins\maven\lib\maven3 -Dclassworlds.conf=C:\Program Files\JetBrains\IntelliJ IDEA Community Edition 2023.2\plugins\maven\lib\maven3\bin\m2.conf -Dmaven.ext.class.path=C:\Program Files\JetBrains\IntelliJ IDEA Community Edition 2023.2\plugins\maven\lib\maven-event-listener.jar -javaagent:C:\Program Files\JetBrains\IntelliJ IDEA Community Edition 2023.2\lib\idea_rt.jar=51328:C:\Program Files\JetBrains\IntelliJ IDEA Community Edition 2023.2\bin -Dfile.encoding=UTF-8 -Dsun.stdout.encoding=UTF-8 -Dsun.stderr.encoding=UTF-8 
java_command: org.codehaus.classworlds.Launcher -Didea.version=2023.2 package
java_class_path (initial): C:\Program Files\JetBrains\IntelliJ IDEA Community Edition 2023.2\plugins\maven\lib\maven3\boot\plexus-classworlds-2.7.0.jar;C:\Program Files\JetBrains\IntelliJ IDEA Community Edition 2023.2\plugins\maven\lib\maven3\boot\plexus-classworlds.license
Launcher Type: SUN_STANDARD

[Global flags]
     intx CICompilerCount                          = 4                                         {product} {ergonomic}
     uint ConcGCThreads                            = 3                                         {product} {ergonomic}
     uint G1ConcRefinementThreads                  = 10                                        {product} {ergonomic}
   size_t G1HeapRegionSize                         = 2097152                                   {product} {ergonomic}
    uintx GCDrainStackTargetSize                   = 64                                        {product} {ergonomic}
   size_t InitialHeapSize                          = 232783872                                 {product} {ergonomic}
   size_t MarkStackSize                            = 4194304                                   {product} {ergonomic}
   size_t MaxHeapSize                              = 3720347648                                {product} {ergonomic}
   size_t MinHeapDeltaBytes                        = 2097152                                   {product} {ergonomic}
   size_t MinHeapSize                              = 8388608                                   {product} {ergonomic}
    uintx NonNMethodCodeHeapSize                   = 5839372                                {pd product} {ergonomic}
    uintx NonProfiledCodeHeapSize                  = 122909434                              {pd product} {ergonomic}
    uintx ProfiledCodeHeapSize                     = 122909434                              {pd product} {ergonomic}
    uintx ReservedCodeCacheSize                    = 251658240                              {pd product} {ergonomic}
     bool SegmentedCodeCache                       = true                                      {product} {ergonomic}
   size_t SoftMaxHeapSize                          = 3720347648                             {manageable} {ergonomic}
     bool UseCompressedClassPointers               = true                           {product lp64_product} {ergonomic}
     bool UseCompressedOops                        = true                           {product lp64_product} {ergonomic}
     bool UseG1GC                                  = true                                      {product} {ergonomic}
     bool UseLargePagesIndividualAllocation        = false                                  {pd product} {ergonomic}

Logging:
Log output configuration:
 #0: stdout all=warning uptime,level,tags foldmultilines=false
 #1: stderr all=off uptime,level,tags foldmultilines=false

Environment Variables:
JAVA_HOME=C:\Program Files\Java\jdk-19
PATH=C:\Program Files\Common Files\Oracle\Java\javapath;C:\Program Files (x86)\Common Files\Oracle\Java\javapath;C:\Windows\system32;C:\Windows;C:\Windows\System32\Wbem;C:\Windows\System32\WindowsPowerShell\v1.0\;C:\Windows\System32\OpenSSH\;C:\Program Files (x86)\NVIDIA Corporation\PhysX\Common;C:\WINDOWS\system32;C:\WINDOWS;C:\WINDOWS\System32\Wbem;C:\WINDOWS\System32\WindowsPowerShell\v1.0\;C:\WINDOWS\System32\OpenSSH\;C:\WINDOWS\system32;C:\WINDOWS;C:\WINDOWS\System32\Wbem;C:\WINDOWS\System32\WindowsPowerShell\v1.0\;C:\WINDOWS\System32\OpenSSH\;C:\Program Files\NVIDIA Corporation\NVIDIA NvDLISR;C:\Program Files\Microsoft SQL Server\150\Tools\Binn\;C:\Program Files\Microsoft SQL Server\Client SDK\ODBC\170\Tools\Binn\;C:\Program Files\dotnet\;";C:\Gradle\gradle-7.6.1\bin";C:\Program Files\nodejs\;C:\Program Files\Java\jdk-19\bin\;C:\Program Files\Git\cmd;C:\Users\clare\AppData\Local\Microsoft\WindowsApps;C:\Users\clare\.dotnet\tools;C:\Gradle\gradle-7.6.1\bin;C:\Program Files\JetBrains\IntelliJ IDEA 2022.3.2\bin;;C:\Users\clare\AppData\Local\GitHubDesktop\bin;C:\Users\clare\AppData\Roaming\npm;C:\Users\clare\.fly\bin;C:\Users\clare\AppData\Local\Programs\Microsoft VS Code\bin
USERNAME=clare
OS=Windows_NT
PROCESSOR_IDENTIFIER=AMD64 Family 25 Model 80 Stepping 0, AuthenticAMD
TMP=C:\Users\clare\AppData\Local\Temp
TEMP=C:\Users\clare\AppData\Local\Temp



---------------  S Y S T E M  ---------------

OS:
 Windows 11 , 64 bit Build 22621 (10.0.22621.2428)
OS uptime: 0 days 3:25 hours
Hyper-V role detected

CPU: total 12 (initial active 12) (12 cores per cpu, 2 threads per core) family 25 model 80 stepping 0 microcode 0x0, cx8, cmov, fxsr, ht, mmx, 3dnowpref, sse, sse2, sse3, ssse3, sse4a, sse4.1, sse4.2, popcnt, lzcnt, tsc, tscinvbit, avx, avx2, aes, erms, clmul, bmi1, bmi2, adx, sha, fma, vzeroupper, clflush, clflushopt, hv, rdtscp, rdpid, fsrm

Memory: 4k page, system-wide physical 14188M (395M free)
TotalPageFile size 57196M (AvailPageFile size 142M)
current process WorkingSet (physical memory assigned to process): 11M, peak: 11M
current process commit charge ("private bytes"): 64M, peak: 286M

vm_info: OpenJDK 64-Bit Server VM (19.0.2+7-44) for windows-amd64 JRE (19.0.2+7-44), built on 2022-11-30T18:02:09Z by "mach5one" with MS VC++ 17.1 (VS2022)

END.
